<?xml version="1.0" encoding="UTF-8"?>
<!-- Generated by org.testng.reporters.JUnitReportReporter -->
<testsuite hostname="LAPTOP-MO49GGO7" failures="0" tests="1" name="testcase.Test_Case2" time="13.640" errors="0" timestamp="2024-10-25T04:23:47 IST" skipped="0">
  <testcase classname="testcase.Test_Case2" name="Validating_Table" time="13.640"/>
  <system-out/>
</testsuite> <!-- testcase.Test_Case2 -->
