<?xml version="1.0" encoding="UTF-8"?>
<!-- Generated by org.testng.reporters.JUnitReportReporter -->
<testsuite hostname="LAPTOP-MO49GGO7" failures="0" tests="1" name="testcase.PracticeCaw" time="5.111" errors="0" timestamp="2024-11-18T00:23:49 IST" skipped="0">
  <testcase classname="testcase.PracticeCaw" name="testDynamicTable" time="5.111"/>
  <system-out/>
</testsuite> <!-- testcase.PracticeCaw -->
