<?xml version="1.0" encoding="UTF-8"?>
<!-- Generated by org.testng.reporters.JUnitReportReporter -->
<testsuite hostname="LAPTOP-MO49GGO7" failures="0" tests="1" name="testcase.DynamicTableTest" time="2.394" errors="0" timestamp="2024-11-18T00:16:01 IST" skipped="0">
  <testcase classname="testcase.DynamicTableTest" name="testDynamicTable" time="2.394"/>
  <system-out/>
</testsuite> <!-- testcase.DynamicTableTest -->
