<?xml version="1.0" encoding="UTF-8"?>
<!-- Generated by org.testng.reporters.JUnitReportReporter -->
<testsuite hostname="LAPTOP-MO49GGO7" failures="0" tests="1" name="testcase.test_page" time="7.683" errors="0" timestamp="2024-10-25T04:19:42 IST" skipped="0">
  <testcase classname="testcase.test_page" name="Validating_Table" time="7.683"/>
  <system-out/>
</testsuite> <!-- testcase.test_page -->
